"../../../../../../Code/Unreal/ShootBox/Content/Assets/UMGs/UMG_MainMenu.uasset" 0
"../../../../../../Code/Unreal/ShootBox/Content/Assets/UMGs/UMG_OptionMenu.uasset" 1
"../../../../../../Code/Unreal/ShootBox/Content/Assets/UMGs/UMG_PauseMenu.uasset" 2
"../../../../../../Code/Unreal/ShootBox/Content/Assets/FirstPerson/Textures/FirstPersonCrosshair.uasset" 3
"../../../../../../Code/Unreal/ShootBox/Content/Assets/UMGs/UMG_FirstPerson.uasset" 4
"../../../../../../Code/Unreal/ShootBox/Content/Assets/UMGs/UMG_DeathMenu.uasset" 5
"../../../../../../Code/Unreal/ShootBox/Content/Assets/FirstPerson/FPWeapon/Mesh/SK_FPGun_Skeleton.uasset" 6
"../../../Engine/Content/Functions/MaterialLayerFunctions/MatLayerBlend_Simple.uasset" 7
"../../../Engine/Content/Functions/Engine_MaterialFunctions02/Utility/BlendAngleCorrectedNormals.uasset" 8
"../../../Engine/Content/Functions/MaterialLayerFunctions/MatLayerBlend_NormalBlend.uasset" 9
"../../../../../../Code/Unreal/ShootBox/Content/Assets/FirstPerson/FPWeapon/Textures/T_FPGun_N.uasset" 10
"../../../../../../Code/Unreal/ShootBox/Content/Assets/FirstPerson/FPWeapon/Textures/T_FPGun_M.uasset" 11
"../../../../../../Code/Unreal/ShootBox/Content/Assets/FirstPerson/FPWeapon/Materials/MaterialLayers/T_ML_Rubber_Blue_01_N.uasset" 12
"../../../../../../Code/Unreal/ShootBox/Content/Assets/FirstPerson/FPWeapon/Materials/MaterialLayers/T_ML_Rubber_Blue_01_D.uasset" 13
"../../../../../../Code/Unreal/ShootBox/Content/Assets/FirstPerson/FPWeapon/Materials/MaterialLayers/T_ML_Aluminum01_N.uasset" 14
"../../../../../../Code/Unreal/ShootBox/Content/Assets/FirstPerson/FPWeapon/Materials/MaterialLayers/T_ML_Aluminum01.uasset" 15
"../../../../../../Code/Unreal/ShootBox/Content/Assets/FirstPerson/FPWeapon/Materials/MaterialLayers/ML_SoftMetal_UE4.uasset" 16
"../../../../../../Code/Unreal/ShootBox/Content/Assets/FirstPerson/FPWeapon/Materials/MaterialLayers/ML_Screen.uasset" 17
"../../../../../../Code/Unreal/ShootBox/Content/Assets/FirstPerson/FPWeapon/Materials/MaterialLayers/ML_Plastic_Shiny_Beige.uasset" 18
"../../../../../../Code/Unreal/ShootBox/Content/Assets/FirstPerson/FPWeapon/Materials/MaterialLayers/ML_GlossyBlack_Latex_UE4.uasset" 19
"../../../../../../Code/Unreal/ShootBox/Content/Assets/FirstPerson/FPWeapon/Materials/M_FPGun.uasset" 20
"../../../../../../Code/Unreal/ShootBox/Content/Assets/FirstPerson/FPWeapon/Mesh/SK_FPGun.uasset" 21
"../../../../../../Code/Unreal/ShootBox/Content/Assets/FirstPerson/Character/Materials/MaterialLayers/T_ML_Aluminum01.uasset" 22
"../../../../../../Code/Unreal/ShootBox/Content/Assets/FirstPerson/Character/Materials/MaterialLayers/T_ML_Aluminum01_N.uasset" 23
"../../../../../../Code/Unreal/ShootBox/Content/Assets/FirstPerson/Character/Materials/MaterialLayers/ML_SoftMetal_UE4.uasset" 24
"../../../../../../Code/Unreal/ShootBox/Content/Assets/FirstPerson/Character/Textures/UE4_LOGO_CARD.uasset" 25
"../../../../../../Code/Unreal/ShootBox/Content/Assets/FirstPerson/Character/Materials/MaterialLayers/ML_Plastic_Shiny_Beige_LOGO.uasset" 26
"../../../../../../Code/Unreal/ShootBox/Content/Assets/FirstPerson/Character/Materials/MaterialLayers/ML_Plastic_Shiny_Beige.uasset" 27
"../../../../../../Code/Unreal/ShootBox/Content/Assets/FirstPerson/Character/Materials/MaterialLayers/T_ML_Rubber_Blue_01_N.uasset" 28
"../../../../../../Code/Unreal/ShootBox/Content/Assets/FirstPerson/Character/Materials/MaterialLayers/T_ML_Rubber_Blue_01_D.uasset" 29
"../../../../../../Code/Unreal/ShootBox/Content/Assets/FirstPerson/Character/Materials/MaterialLayers/ML_GlossyBlack_Latex_UE4.uasset" 30
"../../../../../../Code/Unreal/ShootBox/Content/Assets/FirstPerson/Character/Textures/UE4_Mannequin_MAT_MASKA.uasset" 31
"../../../../../../Code/Unreal/ShootBox/Content/Assets/FirstPerson/Character/Textures/UE4_Mannequin__normals.uasset" 32
"../../../../../../Code/Unreal/ShootBox/Content/Assets/FirstPerson/Character/Materials/M_UE4Man_Body.uasset" 33
"../../../../../../Code/Unreal/ShootBox/Content/Assets/FirstPerson/Character/Mesh/SK_Mannequin_Arms_Skeleton.uasset" 34
"../../../../../../Code/Unreal/ShootBox/Content/Assets/FirstPerson/Character/Mesh/SK_Mannequin_Arms_PhysicsAsset.uasset" 35
"../../../../../../Code/Unreal/ShootBox/Content/Assets/FirstPerson/Character/Mesh/SK_Mannequin_Arms.uasset" 36
"../../../../../../Code/Unreal/ShootBox/Content/Assets/FirstPerson/Audio/FirstPersonTemplateWeaponFire02.uasset" 37
"../../../../../../Code/Unreal/ShootBox/Content/Assets/FirstPerson/Meshes/BaseMaterial.uasset" 38
"../../../../../../Code/Unreal/ShootBox/Content/Assets/FirstPerson/Meshes/FirstPersonProjectileMaterial.uasset" 39
"../../../../../../Code/Unreal/ShootBox/Content/Assets/FirstPerson/Meshes/FirstPersonProjectileMesh.uasset" 40
"../../../../../../Code/Unreal/ShootBox/Content/StarterContent/Textures/T_Smoke_Tiled_D.uasset" 41
"../../../../../../Code/Unreal/ShootBox/Content/StarterContent/Textures/T_Smoke_SubUV.uasset" 42
"../../../../../../Code/Unreal/ShootBox/Content/StarterContent/Particles/Materials/M_smoke_subUV.uasset" 43
"../../../Engine/Content/Functions/Engine_MaterialFunctions01/Gradient/RadialGradient.uasset" 44
"../../../../../../Code/Unreal/ShootBox/Content/StarterContent/Particles/Materials/M_radial_ramp.uasset" 45
"../../../../../../Code/Unreal/ShootBox/Content/StarterContent/Particles/Materials/m_flare_01.uasset" 46
"../../../../../../Code/Unreal/ShootBox/Content/StarterContent/Textures/T_Explosion_SubUV.uasset" 47
"../../../../../../Code/Unreal/ShootBox/Content/StarterContent/Particles/Materials/M_explosion_subUV.uasset" 48
"../../../../../../Code/Unreal/ShootBox/Content/StarterContent/Textures/T_Burst_M.uasset" 49
"../../../../../../Code/Unreal/ShootBox/Content/StarterContent/Particles/Materials/M_Burst.uasset" 50
"../../../../../../Code/Unreal/ShootBox/Content/StarterContent/Particles/P_Shoot.uasset" 51
"../../../../../../Code/Unreal/ShootBox/Content/Assets/Blueprints/BP_FirstPersonProjectile.uasset" 52
"../../../Engine/Content/Animation/DefaultAnimBoneCompressionSettings.uasset" 53
"../../../../../../Code/Unreal/ShootBox/Content/Assets/FirstPerson/Animations/FirstPerson_JumpStart.uasset" 54
"../../../Engine/Content/EditorBlueprintResources/StandardMacros.uasset" 55
"../../../../../../Code/Unreal/ShootBox/Content/Assets/FirstPerson/Animations/FirstPerson_Run.uasset" 56
"../../../../../../Code/Unreal/ShootBox/Content/Assets/FirstPerson/Animations/FirstPerson_JumpLoop.uasset" 57
"../../../../../../Code/Unreal/ShootBox/Content/Assets/FirstPerson/Animations/FirstPerson_JumpEnd.uasset" 58
"../../../../../../Code/Unreal/ShootBox/Content/Assets/FirstPerson/Animations/FirstPerson_Idle.uasset" 59
"../../../../../../Code/Unreal/ShootBox/Content/Assets/FirstPerson/Animations/FirstPerson_AnimBP.uasset" 60
"../../../../../../Code/Unreal/ShootBox/Content/Assets/FirstPerson/Animations/FirstPerson_Fire.uasset" 61
"../../../../../../Code/Unreal/ShootBox/Content/Assets/FirstPerson/Animations/FirstPersonFire_Montage.uasset" 62
"../../../../../../Code/Unreal/ShootBox/Content/Assets/Blueprints/BP_FirstPersonCharacter.uasset" 63
"../../../../../../Code/Unreal/ShootBox/Content/Assets/Blueprints/FirstPersonTemplate/BP_FirstPersonCharacter.uasset" 64
"../../../../../../Code/Unreal/ShootBox/Content/Assets/Blueprints/FirstPersonTemplate/GM_FirstPersonGameMode.uasset" 65
"../../../../../../Code/Unreal/ShootBox/Content/Assets/FirstPerson/FPWeapon/Materials/MaterialLayers/ML_Plastic_Shiny_Beige_LOGO.uasset" 66
"../../../../../../Code/Unreal/ShootBox/Content/Assets/FirstPerson/FPWeapon/Materials/MaterialLayers/T_ML_FineRubber.uasset" 67
"../../../../../../Code/Unreal/ShootBox/Content/Assets/FirstPerson/FPWeapon/Mesh/SK_FPGun_PhysicsAsset.uasset" 68
"../../../../../../Code/Unreal/ShootBox/Content/Assets/FirstPerson/Meshes/CubeMaterialOverride.uasset" 69
"../../../../../../Code/Unreal/ShootBox/Content/Assets/GameModes/GM_FirstPersonGameMode.uasset" 70
"../../../../../../Code/Unreal/ShootBox/Content/StarterContent/Materials/M_Basic_Wall.uasset" 71
"../../../../../../Code/Unreal/ShootBox/Content/StarterContent/Architecture/Pillar_50x500.uasset" 72
"../../../../../../Code/Unreal/ShootBox/Content/StarterContent/Architecture/Wall_400x300.uasset" 73
"../../../../../../Code/Unreal/ShootBox/Content/StarterContent/Architecture/Wall_400x400.uasset" 74
"../../../../../../Code/Unreal/ShootBox/Content/StarterContent/Architecture/Wall_500x500.uasset" 75
"../../../../../../Code/Unreal/ShootBox/Content/StarterContent/Architecture/Wall_Door_400x400.uasset" 76
"../../../../../../Code/Unreal/ShootBox/Content/StarterContent/Architecture/Wall_Window_400x400.uasset" 77
"../../../../../../Code/Unreal/ShootBox/Content/StarterContent/Audio/Collapse01.uasset" 78
"../../../../../../Code/Unreal/ShootBox/Content/StarterContent/Audio/Collapse02.uasset" 79
"../../../../../../Code/Unreal/ShootBox/Content/StarterContent/Audio/Explosion01.uasset" 80
"../../../../../../Code/Unreal/ShootBox/Content/StarterContent/Audio/Explosion02.uasset" 81
"../../../../../../Code/Unreal/ShootBox/Content/StarterContent/Audio/Fire01.uasset" 82
"../../../../../../Code/Unreal/ShootBox/Content/StarterContent/Audio/Fire_Sparks01.uasset" 83
"../../../../../../Code/Unreal/ShootBox/Content/StarterContent/Audio/Light01.uasset" 84
"../../../../../../Code/Unreal/ShootBox/Content/StarterContent/Audio/Light01_Cue.uasset" 85
"../../../../../../Code/Unreal/ShootBox/Content/StarterContent/Audio/Light02.uasset" 86
"../../../../../../Code/Unreal/ShootBox/Content/StarterContent/Audio/Light02_Cue.uasset" 87
"../../../../../../Code/Unreal/ShootBox/Content/StarterContent/Audio/Smoke01.uasset" 88
"../../../../../../Code/Unreal/ShootBox/Content/StarterContent/Audio/Starter_Birds01.uasset" 89
"../../../../../../Code/Unreal/ShootBox/Content/StarterContent/Audio/Starter_Music01.uasset" 90
"../../../../../../Code/Unreal/ShootBox/Content/StarterContent/Audio/Starter_Wind05.uasset" 91
"../../../../../../Code/Unreal/ShootBox/Content/StarterContent/Audio/Starter_Wind06.uasset" 92
"../../../../../../Code/Unreal/ShootBox/Content/StarterContent/Audio/Steam01.uasset" 93
"../../../../../../Code/Unreal/ShootBox/Content/StarterContent/Particles/P_Explosion.uasset" 94
"../../../../../../Code/Unreal/ShootBox/Content/StarterContent/Audio/Explosion_Cue.uasset" 95
"../../../../../../Code/Unreal/ShootBox/Content/StarterContent/Blueprints/Blueprint_Effect_Explosion.uasset" 96
"../../../../../../Code/Unreal/ShootBox/Content/StarterContent/Geometry/Meshes/CubeMaterial.uasset" 97
"../../../../../../Code/Unreal/ShootBox/Content/StarterContent/Geometry/Meshes/1M_Cube_Chamfer.uasset" 98
"../../../../../../Code/Unreal/ShootBox/Content/StarterContent/Geometry/Meshes/TemplateFloor.uasset" 99
"../../../Engine/Content/EditorMeshes/ColorCalibrator/T_ColorGrid.uasset" 100
"../../../../../../Code/Unreal/ShootBox/Content/StarterContent/Materials/M_ColorGrid_LowSpec.uasset" 101
"../../../../../../Code/Unreal/ShootBox/Content/StarterContent/Textures/T_Bush_N.uasset" 102
"../../../../../../Code/Unreal/ShootBox/Content/StarterContent/Textures/T_Bush_D.uasset" 103
"../../../../../../Code/Unreal/ShootBox/Content/StarterContent/Props/Materials/M_Bush.uasset" 104
"../../../../../../Code/Unreal/ShootBox/Content/StarterContent/Props/SM_Bush.uasset" 105
"../../../../../../Code/Unreal/ShootBox/Content/StarterContent/Textures/T_Chair_N.uasset" 106
"../../../../../../Code/Unreal/ShootBox/Content/StarterContent/Textures/T_Chair_M.uasset" 107
"../../../../../../Code/Unreal/ShootBox/Content/StarterContent/Props/Materials/M_Chair.uasset" 108
"../../../../../../Code/Unreal/ShootBox/Content/StarterContent/Props/SM_Couch.uasset" 109
"../../../../../../Code/Unreal/ShootBox/Content/StarterContent/Materials/M_Glass.uasset" 110
"../../../../../../Code/Unreal/ShootBox/Content/StarterContent/Textures/T_Door_N.uasset" 111
"../../../../../../Code/Unreal/ShootBox/Content/StarterContent/Textures/T_Door_M.uasset" 112
"../../../../../../Code/Unreal/ShootBox/Content/StarterContent/Props/Materials/M_Door.uasset" 113
"../../../../../../Code/Unreal/ShootBox/Content/StarterContent/Props/SM_Door.uasset" 114
"../../../../../../Code/Unreal/ShootBox/Content/StarterContent/Props/Materials/M_MaterialSphere_Plain.uasset" 115
"../../../../../../Code/Unreal/ShootBox/Content/StarterContent/Props/Materials/M_MaterialSphere.uasset" 116
"../../../../../../Code/Unreal/ShootBox/Content/StarterContent/Props/SM_MatPreviewMesh_02.uasset" 117
"../../../../../../Code/Unreal/ShootBox/Content/StarterContent/Textures/T_RockMesh_N.uasset" 118
"../../../../../../Code/Unreal/ShootBox/Content/StarterContent/Textures/T_RockMesh_M.uasset" 119
"../../../../../../Code/Unreal/ShootBox/Content/StarterContent/Textures/T_Detail_Rocky_N.uasset" 120
"../../../../../../Code/Unreal/ShootBox/Content/StarterContent/Textures/T_Rock_Basalt_D.uasset" 121
"../../../../../../Code/Unreal/ShootBox/Content/StarterContent/Props/Materials/M_Rock.uasset" 122
"../../../../../../Code/Unreal/ShootBox/Content/StarterContent/Props/SM_Rock.uasset" 123
"../../../../../../Code/Unreal/ShootBox/Content/StarterContent/Textures/T_Shelf_N.uasset" 124
"../../../../../../Code/Unreal/ShootBox/Content/StarterContent/Textures/T_Shelf_M.uasset" 125
"../../../../../../Code/Unreal/ShootBox/Content/StarterContent/Props/Materials/M_Shelf.uasset" 126
"../../../../../../Code/Unreal/ShootBox/Content/StarterContent/Props/SM_Shelf.uasset" 127
"../../../../../../Code/Unreal/ShootBox/Content/StarterContent/Materials/M_Basic_Floor.uasset" 128
"../../../../../../Code/Unreal/ShootBox/Content/StarterContent/Props/SM_Stairs.uasset" 129
"../../../../../../Code/Unreal/ShootBox/Content/StarterContent/Shapes/Shape_Cone.uasset" 130
"../../../../../../Code/Unreal/ShootBox/Content/StarterContent/Shapes/Shape_Cylinder.uasset" 131
"../../../../../../Code/Unreal/ShootBox/Content/StarterContent/Shapes/Shape_NarrowCapsule.uasset" 132
"../../../../../../Code/Unreal/ShootBox/Content/StarterContent/Shapes/Shape_Pipe.uasset" 133
"../../../../../../Code/Unreal/ShootBox/Content/StarterContent/Shapes/Shape_Pipe_180.uasset" 134
"../../../../../../Code/Unreal/ShootBox/Content/StarterContent/Shapes/Shape_Pipe_90.uasset" 135
"../../../../../../Code/Unreal/ShootBox/Content/StarterContent/Shapes/Shape_Plane.uasset" 136
"../../../../../../Code/Unreal/ShootBox/Content/StarterContent/Shapes/Shape_Torus.uasset" 137
"../../../../../../Code/Unreal/ShootBox/Content/StarterContent/Shapes/Shape_Trim.uasset" 138
"../../../../../../Code/Unreal/ShootBox/Content/StarterContent/Shapes/Shape_Trim_90_In.uasset" 139
"../../../../../../Code/Unreal/ShootBox/Content/StarterContent/Shapes/Shape_Trim_90_Out.uasset" 140
"../../../../../../Code/Unreal/ShootBox/Content/StarterContent/Shapes/Shape_TriPyramid.uasset" 141
"../../../../../../Code/Unreal/ShootBox/Content/StarterContent/Shapes/Shape_Tube.uasset" 142
"../../../../../../Code/Unreal/ShootBox/Content/StarterContent/Shapes/Shape_Wedge_A.uasset" 143
"../../../../../../Code/Unreal/ShootBox/Content/StarterContent/Shapes/Shape_Wedge_B.uasset" 144
"../../../../../../Code/Unreal/ShootBox/Content/StarterContent/Shapes/Shape_WideCapsule.uasset" 145
"../../../Engine/Content/Animation/DefaultAnimCurveCompressionSettings.uasset" 146
"../../../Engine/Content/EngineMaterials/T_Default_Material_Grid_N.uasset" 147
"../../../Engine/Content/Functions/Engine_MaterialFunctions01/Opacity/CameraDepthFade.uasset" 148
"../../../Engine/Content/EngineMaterials/T_Default_Material_Grid_M.uasset" 149
"../../../Engine/Content/EngineMaterials/WorldGridMaterial.uasset" 150
"../../../Engine/Content/ArtTools/RenderToTexture/Meshes/S_1_Unit_Plane.uasset" 151
"../../../Engine/Content/EngineMaterials/DefaultMaterial.uasset" 152
"../../../Engine/Content/BasicShapes/Cone.uasset" 153
"../../../Engine/Content/BasicShapes/Cube.uasset" 154
"../../../Engine/Content/BasicShapes/Plane.uasset" 155
"../../../Engine/Content/BasicShapes/Sphere.uasset" 156
"../../../Engine/Content/EditorLandscapeResources/DataLayer.uasset" 157
"../../../Engine/Content/EditorLandscapeResources/DefaultAlphaTexture.uasset" 158
"../../../Engine/Content/EditorMaterials/MAT_Groups_Toggle.uasset" 159
"../../../Engine/Content/EditorMaterials/MAT_Groups_Visibility.uasset" 160
"../../../Engine/Content/EditorMaterials/PreviewShadowIndicator.uasset" 161
"../../../Engine/Content/EditorMaterials/PreviewShadowIndicatorMaterial.uasset" 162
"../../../Engine/Content/EditorMaterials/MatineeGroups/MAT_ColorTrack.uasset" 163
"../../../Engine/Content/EditorMaterials/MatineeGroups/MAT_Groups_Anim.uasset" 164
"../../../Engine/Content/EditorMaterials/MatineeGroups/MAT_Groups_AudioMaster.uasset" 165
"../../../Engine/Content/EditorMaterials/MatineeGroups/MAT_Groups_Director.uasset" 166
"../../../Engine/Content/EditorMaterials/MatineeGroups/MAT_Groups_Event.uasset" 167
"../../../Engine/Content/EditorMaterials/MatineeGroups/MAT_Groups_Fade.uasset" 168
"../../../Engine/Content/EditorMaterials/MatineeGroups/MAT_Groups_Float.uasset" 169
"../../../Engine/Content/EditorMaterials/MatineeGroups/MAT_Groups_Move.uasset" 170
"../../../Engine/Content/EditorMaterials/MatineeGroups/MAT_Groups_Slomo.uasset" 171
"../../../Engine/Content/EditorMaterials/MatineeGroups/MAT_Groups_Sound.uasset" 172
"../../../Engine/Content/EditorMaterials/MatineeGroups/MAT_Groups_Vector.uasset" 173
"../../../Engine/Content/EditorMaterials/ParticleSystems/PSysThumbnail_NoImage.uasset" 174
"../../../Engine/Content/EditorMaterials/ParticleSystems/PSysThumbnail_OOD.uasset" 175
"../../../Engine/Content/EditorMaterials/Camera/CineMat.uasset" 176
"../../../Engine/Content/EditorMaterials/Camera/MI_CineMat_Rig.uasset" 177
"../../../Engine/Content/EditorMeshes/Camera/SM_CraneRig_Arm.uasset" 178
"../../../Engine/Content/EditorMeshes/Camera/SM_CraneRig_Base.uasset" 179
"../../../Engine/Content/EditorMeshes/Camera/SM_CraneRig_Body.uasset" 180
"../../../Engine/Content/EditorMeshes/Camera/SM_CraneRig_Mount.uasset" 181
"../../../Engine/Content/EditorMeshes/Camera/SM_RailRig_Mount.uasset" 182
"../../../Engine/Content/EditorMeshes/Camera/SM_RailRig_Track.uasset" 183
"../../../Engine/Content/EditorResources/BSPVertex.uasset" 184
"../../../Engine/Content/EditorResources/EmptyActor.uasset" 185
"../../../Engine/Content/EditorResources/S_Actor.uasset" 186
"../../../Engine/Content/EditorResources/S_Note.uasset" 187
"../../../Engine/Content/EditorResources/S_Solver.uasset" 188
"../../../Engine/Content/EditorResources/S_Terrain.uasset" 189
"../../../Engine/Content/EditorResources/S_Trigger.uasset" 190
"../../../Engine/Content/EditorResources/AudioIcons/S_AudioComponent.uasset" 191
"../../../Engine/Content/EditorResources/AudioIcons/S_AudioComponent_AutoActivate.uasset" 192
"../../../Engine/Content/EditorResources/LightIcons/S_LightError.uasset" 193
"../../../Engine/Content/EditorResources/SequenceRecorder/Countdown.uasset" 194
"../../../Engine/Content/EditorResources/SequenceRecorder/RecordingIndicator.uasset" 195
"../../../Engine/Content/EngineDamageTypes/DmgTypeBP_Environmental.uasset" 196
"../../../Engine/Content/EngineDebugMaterials/DebugEditorMaterial.uasset" 197
"../../../Engine/Content/EngineDebugMaterials/DebugMeshMaterial.uasset" 198
"../../../Engine/Content/EngineDebugMaterials/M_SimpleUnlitTranslucent.uasset" 199
"../../../Engine/Content/EngineDebugMaterials/VolumeToRender.uasset" 200
"../../../Engine/Content/Functions/Engine_MaterialFunctions02/Utility/CameraDirectionVector.uasset" 201
"../../../Engine/Content/EngineDebugMaterials/M_VolumeRenderSphereTracePP.uasset" 202
"../../../Engine/Content/Functions/Engine_MaterialFunctions01/Shading/ConvertFromDiffSpec.uasset" 203
"../../../Engine/Content/EngineDebugMaterials/VertexColorMaterial.uasset" 204
"../../../Engine/Content/EngineDebugMaterials/WireframeMaterial.uasset" 205
"../../../Engine/Content/EngineFonts/Faces/RobotoRegular.uasset" 206
"../../../Engine/Content/EngineFonts/Faces/RobotoLight.uasset" 207
"../../../Engine/Content/EngineFonts/Faces/RobotoItalic.uasset" 208
"../../../Engine/Content/EngineFonts/Faces/RobotoBoldItalic.uasset" 209
"../../../Engine/Content/EngineFonts/Faces/RobotoBold.uasset" 210
"../../../Engine/Content/EngineFonts/Faces/DroidSansFallback.uasset" 211
"../../../Engine/Content/EngineFonts/Roboto.uasset" 212
"../../../Engine/Content/EngineMaterials/BaseFlattenNormalMap.uasset" 213
"../../../Engine/Content/EngineMaterials/BaseFlattenGrayscaleMap.uasset" 214
"../../../Engine/Content/EngineMaterials/BaseFlattenEmissiveMap.uasset" 215
"../../../Engine/Content/EngineMaterials/BaseFlattenDiffuseMap.uasset" 216
"../../../Engine/Content/EngineMaterials/BaseFlattenMaterial.uasset" 217
"../../../Engine/Content/EngineMaterials/BlueNoise.uasset" 218
"../../../Engine/Content/EngineMaterials/DefaultBloomKernel.uasset" 219
"../../../Engine/Content/EngineMaterials/DefaultBokeh.uasset" 220
"../../../Engine/Content/EngineMaterials/DefaultDiffuse.uasset" 221
"../../../Engine/Content/EngineMaterials/DefaultDeferredDecalMaterial.uasset" 222
"../../../Engine/Content/EngineMaterials/DefaultLightFunctionMaterial.uasset" 223
"../../../Engine/Content/EngineMaterials/DefaultPhysicalMaterial.uasset" 224
"../../../Engine/Content/Functions/Engine_MaterialFunctions02/Utility/BreakOutFloat2Components.uasset" 225
"../../../Engine/Content/EngineMaterials/DefaultPostProcessMaterial.uasset" 226
"../../../Engine/Content/EngineFonts/RobotoDistanceField.uasset" 227
"../../../Engine/Content/EngineMaterials/DefaultTextMaterialOpaque.uasset" 228
"../../../Engine/Content/EngineMaterials/DefaultWhiteGrid.uasset" 229
"../../../Engine/Content/EngineMaterials/DefaultWhiteGrid_Low.uasset" 230
"../../../Engine/Content/EngineMaterials/EmissiveMeshMaterial.uasset" 231
"../../../Engine/Content/EngineMaterials/GizmoMaterial.uasset" 232
"../../../Engine/Content/EngineMaterials/Good64x64TilingNoiseHighFreq.uasset" 233
"../../../Engine/Content/EngineMaterials/MiniFont.uasset" 234
"../../../Engine/Content/EngineMaterials/InvalidLightmapSettings.uasset" 235
"../../../Engine/Content/EngineMaterials/M_InvalidLightmapSettings.uasset" 236
"../../../Engine/Content/Functions/Engine_MaterialFunctions02/WorldPositionOffset/CameraOffset.uasset" 237
"../../../Engine/Content/EngineMaterials/PhAT_JointLimitMaterial.uasset" 238
"../../../Engine/Content/EngineMaterials/PreintegratedSkinBRDF.uasset" 239
"../../../Engine/Content/EngineMaterials/RemoveSurfaceMaterial.uasset" 240
"../../../Engine/Content/EngineMaterials/WeightMapPlaceholderTexture.uasset" 241
"../../../Engine/Content/EngineResources/WhiteSquareTexture.uasset" 242
"../../../Engine/Content/EngineMaterials/Widget3DPassThrough.uasset" 243
"../../../Engine/Content/EngineMaterials/Widget3DPassThrough_Masked.uasset" 244
"../../../Engine/Content/EngineMaterials/Widget3DPassThrough_Opaque.uasset" 245
"../../../Engine/Content/EngineMaterials/Widget3DPassThrough_Masked_OneSided.uasset" 246
"../../../Engine/Content/EngineMaterials/Widget3DPassThrough_Opaque_OneSided.uasset" 247
"../../../Engine/Content/EngineMaterials/Widget3DPassThrough_Translucent.uasset" 248
"../../../Engine/Content/EngineMaterials/Widget3DPassThrough_Translucent_OneSided.uasset" 249
"../../../Engine/Content/EngineMeshes/Cube.uasset" 250
"../../../Engine/Content/EngineMeshes/Cylinder.uasset" 251
"../../../Engine/Content/EngineMeshes/Sphere.uasset" 252
"../../../Engine/Content/EngineResources/Black.uasset" 253
"../../../Engine/Content/EngineResources/DefaultTextureCube.uasset" 254
"../../../Engine/Content/EngineResources/DefaultVolumeTexture2D.uasset" 255
"../../../Engine/Content/EngineResources/DefaultVolumeTexture.uasset" 256
"../../../Engine/Content/EngineResources/GradientTexture0.uasset" 257
"../../../Engine/Content/EngineSky/VolumetricClouds/T_NoiseShape64.uasset" 258
"../../../Engine/Content/EngineSky/VolumetricClouds/T_VolumeNoiseShape64.uasset" 259
"../../../Engine/Content/EngineSky/VolumetricClouds/T_NoiseErosion.uasset" 260
"../../../Engine/Content/EngineSky/VolumetricClouds/T_VolumeNoiseErosion32.uasset" 261
"../../../Engine/Content/EngineSky/VolumetricClouds/CloudWeatherTexture.uasset" 262
"../../../Engine/Content/EngineSky/VolumetricClouds/CloudGradientTexture.uasset" 263
"../../../Engine/Content/Functions/Engine_MaterialFunctions02/Utility/MakeFloat2.uasset" 264
"../../../Engine/Content/EngineSky/VolumetricClouds/m_SimpleVolumetricCloud.uasset" 265
"../../../Engine/Content/EngineSky/VolumetricClouds/m_SimpleVolumetricCloud_Inst.uasset" 266
"../../../Engine/Content/EngineSounds/Master.uasset" 267
"../../../Engine/Content/Functions/Engine_MaterialFunctions01/Shading/PowerToRoughness.uasset" 268
"../../../Engine/Content/Maps/Templates/Thumbnails/Default.uasset" 269
"../../../Engine/Content/Maps/Templates/Thumbnails/TimeOfDay.uasset" 270
"../../../Engine/Content/Maps/Templates/Thumbnails/VR-Basic.uasset" 271
"../../../Engine/Content/MobileResources/T_MobileControls_texture.uasset" 272
"../../../Engine/Content/MobileResources/T_MobileMenu2.uasset" 273
"../../../Engine/Content/MobileResources/HUD/AnalogHat.uasset" 274
"../../../Engine/Content/MobileResources/HUD/VirtualJoystick_Thumb.uasset" 275
"../../../Engine/Content/MobileResources/HUD/VirtualJoystick_Background.uasset" 276
"../../../Engine/Content/MobileResources/HUD/DefaultVirtualJoysticks.uasset" 277
"../../../Engine/Content/MobileResources/HUD/LeftVirtualJoystickOnly.uasset" 278
"../../../Engine/Content/MobileResources/HUD/MobileHUDButton1_off.uasset" 279
"../../../Engine/Content/MobileResources/HUD/MobileHUDButton1_on.uasset" 280
"../../../Engine/Content/MobileResources/HUD/MobileHUDButton2_off.uasset" 281
"../../../Engine/Content/MobileResources/HUD/MobileHUDButton2_on.uasset" 282
"../../../Engine/Content/MobileResources/HUD/MobileHUDButton3.uasset" 283
"../../../Engine/Content/MobileResources/HUD/MobileHUDButtonFire.uasset" 284
"../../../Engine/Content/MobileResources/HUD/MobileHUDDirectionPad.uasset" 285
"../../../Engine/Content/MobileResources/HUD/MobileHUDDirectionPad2.uasset" 286
"../../../Engine/Content/MobileResources/HUD/MobileHUDDirectionPad3.uasset" 287
"../../../Engine/Content/MobileResources/HUD/MobileHUDDirectionStick.uasset" 288
"../../../Engine/Content/MobileResources/HUD/T_Castle_ThumbstickInner.uasset" 289
"../../../Engine/Content/MobileResources/HUD/T_Castle_ThumbstickOutter.uasset" 290
"../../../Engine/Content/Tutorial/ContentIntroCurve.uasset" 291
"../../../Engine/Content/Tutorial/Basics/LevelEditorAttract.uasset" 292
"../../../Engine/Content/Tutorial/Basics/TutorialAssets/icon_tab_Levels_40x.uasset" 293
"../../../Engine/Content/Tutorial/Basics/LevelEditorOverview.uasset" 294
"../../../Engine/Content/Tutorial/BlueprintTutorials/TutorialAssets/Blueprint_64x.uasset" 295
"../../../Engine/Content/Tutorial/BlueprintTutorials/BlueprintEditorTutorial.uasset" 296
"../../../Engine/Content/Tutorial/BlueprintTutorials/LevelBlueprintEditorOverview.uasset" 297
"../../../Engine/Content/Tutorial/SubEditors/StaticMeshEditorTutorial.uasset" 298
"../../../Engine/Content/VREditor/TransformGizmo/TranslucentTransformGizmoMaterial.uasset" 299
"../../../Engine/Content/VREditor/LaserPointer/VR_LaserPower_01.uasset" 300
"../../../Engine/Content/VREditor/TransformGizmo/TransformGizmoMaterial.uasset" 301
"../../../Engine/Content/VREditor/TransformGizmo/BoundingBoxCorner.uasset" 302
"../../../Engine/Content/VREditor/TransformGizmo/BoundingBoxEdge.uasset" 303
"../../../Engine/Content/VREditor/TransformGizmo/PlaneTranslationHandle.uasset" 304
"../../../Engine/Content/VREditor/TransformGizmo/Xray.uasset" 305
"../../../Engine/Content/VREditor/TransformGizmo/Main.uasset" 306
"../../../Engine/Content/VREditor/TransformGizmo/SM_Sequencer_Key.uasset" 307
"../../../Engine/Content/VREditor/TransformGizmo/SM_Sequencer_Node.uasset" 308
"../../Plugins/2D/Paper2D/Content/PlaceholderTextures/DummySpriteTexture.uasset" 309
"../../Plugins/2D/Paper2D/Content/DummySprite.uasset" 310
"../../Plugins/2D/Paper2D/Content/DefaultPaperTerrainMaterial.uasset" 311
"../../Plugins/2D/Paper2D/Content/DefaultSpriteMaterial.uasset" 312
"../../Plugins/2D/Paper2D/Content/MaskedUnlitSpriteMaterial.uasset" 313
"../../Plugins/2D/Paper2D/Content/OpaqueUnlitSpriteMaterial.uasset" 314
"../../../Engine/Content/Functions/Engine_MaterialFunctions02/Utility/BreakOutFloat3Components.uasset" 315
"../../Plugins/Editor/SpeedTreeImporter/Content/SpeedTree9/UnpackInteger3.uasset" 316
"../../Plugins/Editor/SpeedTreeImporter/Content/SpeedTree9/UnpackDirection.uasset" 317
"../../Plugins/Editor/SpeedTreeImporter/Content/SpeedTree9/game_wind_noise.uasset" 318
"../../../Engine/Content/Functions/Engine_MaterialFunctions02/SafeNormalize.uasset" 319
"../../Plugins/Editor/SpeedTreeImporter/Content/SpeedTree9/SpeedTreeWindMotion.uasset" 320
"../../Plugins/Editor/SpeedTreeImporter/Content/SpeedTree9/SpeedTreeBranchMotion.uasset" 321
"../../../Engine/Content/Functions/Engine_MaterialFunctions02/ObjectLocalBounds.uasset" 322
"../../../Engine/Content/Functions/Engine_MaterialFunctions02/UVs/BoundingBoxBased_0-1_UVW.uasset" 323
"../../Plugins/Editor/SpeedTreeImporter/Content/SpeedTree9/SpeedTreeWind.uasset" 324
"../../Plugins/Editor/SpeedTreeImporter/Content/SpeedTree9/SpeedTreeBillboard.uasset" 325
"../../../Engine/Content/EngineResources/DefaultTexture.uasset" 326
"../../Plugins/Editor/SpeedTreeImporter/Content/SpeedTree9/SpeedTreeBillboardMaster.uasset" 327
"../../Plugins/Editor/SpeedTreeImporter/Content/SpeedTree9/SpeedTreeCameraFacing.uasset" 328
"../../Plugins/Editor/SpeedTreeImporter/Content/SpeedTree9/SpeedTreeMaster.uasset" 329
"../../../Engine/Content/BasicShapes/Cylinder.uasset" 330
"../../../Engine/Content/ArtTools/RenderToTexture/Materials/Debug/M_Emissive_Color.uasset" 331
"../../Plugins/Lumin/MagicLeapPassableWorld/Content/MagicLeapARPinInfoActor.uasset" 332
"../../../Engine/Content/Functions/Engine_MaterialFunctions02/Utility/BreakOutFloat4Components.uasset" 333
"../../../Engine/Content/Functions/Engine_MaterialFunctions02/Utility/MakeFloat3.uasset" 334
"../../Plugins/Runtime/Oculus/OculusVR/Content/Materials/OculusMR_ChromaKey.uasset" 335
"../../Plugins/Runtime/Oculus/OculusVR/Content/Materials/OculusMR_OpaqueColoredMaterial.uasset" 336
"../../Plugins/Runtime/Oculus/OculusVR/Content/Materials/PokeAHoleMaterial.uasset" 337
"../../../../../../Code/Unreal/ShootBox/Content/StarterContent/Textures/T_TableRound_N.uasset" 338
"../../../../../../Code/Unreal/ShootBox/Content/StarterContent/Textures/T_TableRound_M.uasset" 339
"../../../../../../Code/Unreal/ShootBox/Content/StarterContent/Props/Materials/M_TableRound.uasset" 340
"../../../../../../Code/Unreal/ShootBox/Content/StarterContent/Props/SM_TableRound.uasset" 341
"../../../../../../Code/Unreal/ShootBox/Content/StarterContent/Textures/T_Statue_N.uasset" 342
"../../../../../../Code/Unreal/ShootBox/Content/StarterContent/Textures/T_Statue_M.uasset" 343
"../../../../../../Code/Unreal/ShootBox/Content/StarterContent/Props/Materials/M_Statue.uasset" 344
"../../../../../../Code/Unreal/ShootBox/Content/StarterContent/Props/Materials/M_StatueGlass.uasset" 345
"../../../../../../Code/Unreal/ShootBox/Content/StarterContent/Props/SM_Statue.uasset" 346
"../../../../../../Code/Unreal/ShootBox/Content/StarterContent/Props/SM_Chair.uasset" 347
"../../../../../../Code/Unreal/ShootBox/Content/StarterContent/Audio/Starter_Background_Cue.uasset" 348
"../../../../../../Code/Unreal/ShootBox/Content/StarterContent/Architecture/Floor_400x400.uasset" 349
"../../../Engine/Content/EngineSky/T_Sky_Stars.uasset" 350
"../../../Engine/Content/EngineSky/T_Sky_Clouds_M.uasset" 351
"../../../Engine/Content/EngineSky/T_Sky_Blue.uasset" 352
"../../../../../../Code/Unreal/ShootBox/Content/StarterContent/Textures/T_Metal_Aluminum_D.uasset" 353
"../../../../../../Code/Unreal/ShootBox/Content/StarterContent/Textures/T_MacroVariation.uasset" 354
"../../../../../../Code/Unreal/ShootBox/Content/StarterContent/Textures/T_Metal_Gold_N.uasset" 355
"../../../../../../Code/Unreal/ShootBox/Content/StarterContent/Materials/M_Metal_Burnished_Steel.uasset" 356
"../../../../../../Code/Unreal/ShootBox/Content/StarterContent/Materials/M_Metal_Brushed_Nickel.uasset" 357
"../../../Engine/Content/EngineSky/M_Sky_Panning_Clouds2.uasset" 358
"../../../../../../Code/Unreal/ShootBox/Content/Assets/Maps/MainMenu_BuiltData.uasset" 359
"../../../Engine/Content/EngineSky/SM_SkySphere.uasset" 360
"../../../Engine/Content/EngineSky/C_Sky_Zenith_Color.uasset" 361
"../../../Engine/Content/EngineSky/C_Sky_Horizon_Color.uasset" 362
"../../../Engine/Content/EngineSky/C_Sky_Cloud_Color.uasset" 363
"../../../Engine/Content/EngineSky/BP_Sky_Sphere.uasset" 364
"../../../../../../Code/Unreal/ShootBox/Content/Assets/Maps/MainMenu.umap" 365
"../../../../../../Code/Unreal/ShootBox/Content/StarterContent/Geometry/Meshes/1M_Cube.uasset" 366
"../../../../../../Code/Unreal/ShootBox/Content/StarterContent/Audio/Starter_Music_Cue.uasset" 367
"../../../../../../Code/Unreal/ShootBox/Content/StarterContent/Textures/T_Concrete_Tiles_N.uasset" 368
"../../../../../../Code/Unreal/ShootBox/Content/StarterContent/Textures/T_Concrete_Tiles_M.uasset" 369
"../../../Engine/Content/Functions/Engine_MaterialFunctions02/Utility/VectorLength.uasset" 370
"../../../Engine/Content/Functions/Engine_MaterialFunctions02/WorldPositionOffset/ObjectScale.uasset" 371
"../../../../../../Code/Unreal/ShootBox/Content/Assets/Materials/M_Prototype.uasset" 372
"../../../../../../Code/Unreal/ShootBox/Content/Assets/Materials/MI_Wall.uasset" 373
"../../../../../../Code/Unreal/ShootBox/Content/Assets/Materials/M_Prototype_Color.uasset" 374
"../../../../../../Code/Unreal/ShootBox/Content/Assets/Materials/MI_Static.uasset" 375
"../../../../../../Code/Unreal/ShootBox/Content/Assets/Materials/MI_Floor.uasset" 376
"../../../../../../Code/Unreal/ShootBox/Content/Assets/Materials/MI_Dynamic.uasset" 377
"../../../Engine/Content/Functions/Engine_MaterialFunctions03/Procedurals/ComputeFilterWidth.uasset" 378
"../../../Engine/Content/EngineMaterials/AntiAliasedTextMaterialTranslucent.uasset" 379
"../../../../../../Code/Unreal/ShootBox/Content/Assets/Maps/ShootBoxMap_BuiltData.uasset" 380
"../../../../../../Code/Unreal/ShootBox/Content/Assets/Maps/ShootBoxMap.umap" 381
"../../../Engine/Content/EditorMeshes/ColorCalibrator/M_GreyBall.uasset" 382
"../../../Engine/Content/EditorMeshes/ColorCalibrator/Color_checker.uasset" 383
"../../../Engine/Content/EditorMeshes/ColorCalibrator/M_ColorGrid.uasset" 384
"../../../Engine/Content/EditorMeshes/ColorCalibrator/M_ClearCoatBlack.uasset" 385
"../../../Engine/Content/EditorMeshes/ColorCalibrator/M_ClearCoat.uasset" 386
"../../../Engine/Content/EditorMeshes/ColorCalibrator/M_ChromeBall.uasset" 387
"../../../Engine/Content/EditorMeshes/ColorCalibrator/SM_ColorCalibrator.uasset" 388
"../../../../../../Code/Unreal/ShootBox/Content/StarterContent/Maps/Advanced_Lighting_BuiltData.uasset" 389
"../../../../../../Code/Unreal/ShootBox/Content/StarterContent/HDRI/HDRI_Epic_Courtyard_Daylight.uasset" 390
"../../../Engine/Content/MapTemplates/Sky/DaylightAmbientCubemap.uasset" 391
"../../../../../../Code/Unreal/ShootBox/Content/StarterContent/Blueprints/Assets/M_LightStage_Skybox_Master.uasset" 392
"../../../../../../Code/Unreal/ShootBox/Content/StarterContent/Blueprints/Assets/M_LightStage_Skybox_HDRI.uasset" 393
"../../../../../../Code/Unreal/ShootBox/Content/StarterContent/Blueprints/Assets/M_LightStage_Arrows.uasset" 394
"../../../../../../Code/Unreal/ShootBox/Content/StarterContent/Blueprints/Assets/SM_Arrows.uasset" 395
"../../../Engine/Content/EditorMaterials/Thumbnails/SkySphereMaterial.uasset" 396
"../../../../../../Code/Unreal/ShootBox/Content/StarterContent/Blueprints/Assets/Skybox.uasset" 397
"../../../../../../Code/Unreal/ShootBox/Content/StarterContent/Blueprints/Assets/M_LightStage_Skybox_Black.uasset" 398
"../../../../../../Code/Unreal/ShootBox/Content/StarterContent/Blueprints/Assets/SunlightColorLUT.uasset" 399
"../../../../../../Code/Unreal/ShootBox/Content/StarterContent/Blueprints/Assets/FogBrightnessLUT.uasset" 400
"../../../../../../Code/Unreal/ShootBox/Content/StarterContent/Blueprints/BP_LightStudio.uasset" 401
"../../../../../../Code/Unreal/ShootBox/Content/StarterContent/Materials/M_AssetPlatform.uasset" 402
"../../../../../../Code/Unreal/ShootBox/Content/StarterContent/Architecture/SM_AssetPlatform.uasset" 403
"../../../../../../Code/Unreal/ShootBox/Content/StarterContent/Maps/Advanced_Lighting.umap" 404
"../../../../../../Code/Unreal/ShootBox/Content/StarterContent/Textures/T_Metal_Copper_D.uasset" 405
"../../../../../../Code/Unreal/ShootBox/Content/StarterContent/Materials/M_Metal_Copper.uasset" 406
"../../../../../../Code/Unreal/ShootBox/Content/StarterContent/Maps/Minimal_Default_BuiltData.uasset" 407
"../../../../../../Code/Unreal/ShootBox/Content/StarterContent/Maps/Minimal_Default.umap" 408
"../../../../../../Code/Unreal/ShootBox/Content/StarterContent/Shapes/Shape_Sphere.uasset" 409
"../../../../../../Code/Unreal/ShootBox/Content/StarterContent/Shapes/Shape_QuadPyramid.uasset" 410
"../../../../../../Code/Unreal/ShootBox/Content/StarterContent/Shapes/Shape_Cube.uasset" 411
"../../../../../../Code/Unreal/ShootBox/Content/StarterContent/Textures/T_Frame_N.uasset" 412
"../../../../../../Code/Unreal/ShootBox/Content/StarterContent/Textures/T_Frame_M.uasset" 413
"../../../../../../Code/Unreal/ShootBox/Content/StarterContent/Props/Materials/M_Frame.uasset" 414
"../../../../../../Code/Unreal/ShootBox/Content/StarterContent/Props/SM_WindowFrame.uasset" 415
"../../../../../../Code/Unreal/ShootBox/Content/StarterContent/Props/SM_PillarFrame300.uasset" 416
"../../../../../../Code/Unreal/ShootBox/Content/StarterContent/Props/SM_PillarFrame.uasset" 417
"../../../../../../Code/Unreal/ShootBox/Content/StarterContent/Props/SM_GlassWindow.uasset" 418
"../../../../../../Code/Unreal/ShootBox/Content/StarterContent/Props/SM_DoorFrame.uasset" 419
"../../../../../../Code/Unreal/ShootBox/Content/StarterContent/Props/SM_CornerFrame.uasset" 420
"../../../../../../Code/Unreal/ShootBox/Content/StarterContent/Props/MaterialSphere.uasset" 421
"../../../../../../Code/Unreal/ShootBox/Content/StarterContent/Textures/T_Dust_Particle_D.uasset" 422
"../../../../../../Code/Unreal/ShootBox/Content/StarterContent/Particles/Materials/M_Dust_Particle.uasset" 423
"../../../../../../Code/Unreal/ShootBox/Content/StarterContent/Particles/P_Ambient_Dust.uasset" 424
"../../../../../../Code/Unreal/ShootBox/Content/StarterContent/Textures/T_Wood_Walnut_N.uasset" 425
"../../../../../../Code/Unreal/ShootBox/Content/StarterContent/Textures/T_Wood_Walnut_D.uasset" 426
"../../../../../../Code/Unreal/ShootBox/Content/StarterContent/Materials/M_Wood_Walnut.uasset" 427
"../../../../../../Code/Unreal/ShootBox/Content/StarterContent/Textures/T_Perlin_Noise_M.uasset" 428
"../../../../../../Code/Unreal/ShootBox/Content/StarterContent/Textures/T_Wood_Pine_N.uasset" 429
"../../../../../../Code/Unreal/ShootBox/Content/StarterContent/Textures/T_Wood_Pine_D.uasset" 430
"../../../../../../Code/Unreal/ShootBox/Content/StarterContent/Materials/M_Wood_Pine.uasset" 431
"../../../../../../Code/Unreal/ShootBox/Content/StarterContent/Textures/T_Wood_Oak_N.uasset" 432
"../../../../../../Code/Unreal/ShootBox/Content/StarterContent/Textures/T_Wood_Oak_D.uasset" 433
"../../../../../../Code/Unreal/ShootBox/Content/StarterContent/Materials/M_Wood_Oak.uasset" 434
"../../../Engine/Content/Functions/Engine_MaterialFunctions01/Opacity/AlphaOffset.uasset" 435
"../../../../../../Code/Unreal/ShootBox/Content/StarterContent/Textures/T_Wood_Floor_Walnut_N.uasset" 436
"../../../../../../Code/Unreal/ShootBox/Content/StarterContent/Textures/T_Wood_Floor_Walnut_M.uasset" 437
"../../../../../../Code/Unreal/ShootBox/Content/StarterContent/Textures/T_Wood_Floor_Walnut_D.uasset" 438
"../../../../../../Code/Unreal/ShootBox/Content/StarterContent/Materials/M_Wood_Floor_Walnut_Worn.uasset" 439
"../../../../../../Code/Unreal/ShootBox/Content/StarterContent/Materials/M_Wood_Floor_Walnut_Polished.uasset" 440
"../../../../../../Code/Unreal/ShootBox/Content/StarterContent/Textures/T_Water_M.uasset" 441
"../../../../../../Code/Unreal/ShootBox/Content/StarterContent/Textures/T_Water_N.uasset" 442
"../../../../../../Code/Unreal/ShootBox/Content/StarterContent/Materials/M_Water_Ocean.uasset" 443
"../../../../../../Code/Unreal/ShootBox/Content/StarterContent/Materials/M_Water_Lake.uasset" 444
"../../../../../../Code/Unreal/ShootBox/Content/StarterContent/Textures/T_Tech_Panel_N.uasset" 445
"../../../../../../Code/Unreal/ShootBox/Content/StarterContent/Textures/T_Tech_Panel_M.uasset" 446
"../../../../../../Code/Unreal/ShootBox/Content/StarterContent/Textures/T_Metal_Steel_D.uasset" 447
"../../../../../../Code/Unreal/ShootBox/Content/StarterContent/Materials/M_Tech_Panel.uasset" 448
"../../../../../../Code/Unreal/ShootBox/Content/StarterContent/Textures/T_Tech_Hex_Tile_N.uasset" 449
"../../../../../../Code/Unreal/ShootBox/Content/StarterContent/Textures/T_Tech_Hex_Tile_M.uasset" 450
"../../../../../../Code/Unreal/ShootBox/Content/StarterContent/Materials/M_Tech_Hex_Tile_Pulse.uasset" 451
"../../../../../../Code/Unreal/ShootBox/Content/StarterContent/Materials/M_Tech_Hex_Tile.uasset" 452
"../../../../../../Code/Unreal/ShootBox/Content/StarterContent/Textures/T_Tech_Dot_N.uasset" 453
"../../../../../../Code/Unreal/ShootBox/Content/StarterContent/Textures/T_Tech_Dot_M.uasset" 454
"../../../../../../Code/Unreal/ShootBox/Content/StarterContent/Textures/T_Single_Tile_N.uasset" 455
"../../../../../../Code/Unreal/ShootBox/Content/StarterContent/Textures/T_Checker_Noise_M.uasset" 456
"../../../../../../Code/Unreal/ShootBox/Content/StarterContent/Materials/M_Tech_Checker_Dot.uasset" 457
"../../../../../../Code/Unreal/ShootBox/Content/StarterContent/Textures/T_Rock_Slate_N.uasset" 458
"../../../../../../Code/Unreal/ShootBox/Content/StarterContent/Textures/T_Rock_Slate_D.uasset" 459
"../../../../../../Code/Unreal/ShootBox/Content/StarterContent/Materials/M_Rock_Slate.uasset" 460
"../../../../../../Code/Unreal/ShootBox/Content/StarterContent/Textures/T_Rock_Sandstone_N.uasset" 461
"../../../../../../Code/Unreal/ShootBox/Content/StarterContent/Textures/T_Rock_Sandstone_D.uasset" 462
"../../../../../../Code/Unreal/ShootBox/Content/StarterContent/Materials/M_Rock_Sandstone.uasset" 463
"../../../../../../Code/Unreal/ShootBox/Content/StarterContent/Textures/T_Rock_Marble_Polished_D.uasset" 464
"../../../../../../Code/Unreal/ShootBox/Content/StarterContent/Materials/M_Rock_Marble_Polished.uasset" 465
"../../../../../../Code/Unreal/ShootBox/Content/StarterContent/Textures/T_Rock_Basalt_N.uasset" 466
"../../../../../../Code/Unreal/ShootBox/Content/StarterContent/Materials/M_Rock_Basalt.uasset" 467
"../../../../../../Code/Unreal/ShootBox/Content/StarterContent/Textures/T_Metal_Steel_N.uasset" 468
"../../../../../../Code/Unreal/ShootBox/Content/StarterContent/Materials/M_Metal_Steel.uasset" 469
"../../../../../../Code/Unreal/ShootBox/Content/StarterContent/Textures/T_Metal_Rust_N.uasset" 470
"../../../../../../Code/Unreal/ShootBox/Content/StarterContent/Textures/T_Metal_Rust_D.uasset" 471
"../../../../../../Code/Unreal/ShootBox/Content/StarterContent/Materials/M_Metal_Rust.uasset" 472
"../../../../../../Code/Unreal/ShootBox/Content/StarterContent/Textures/T_Metal_Gold_D.uasset" 473
"../../../../../../Code/Unreal/ShootBox/Content/StarterContent/Materials/M_Metal_Gold.uasset" 474
"../../../../../../Code/Unreal/ShootBox/Content/StarterContent/Materials/M_Metal_Chrome.uasset" 475
"../../../../../../Code/Unreal/ShootBox/Content/StarterContent/Textures/T_Ground_Moss_N.uasset" 476
"../../../../../../Code/Unreal/ShootBox/Content/StarterContent/Textures/T_ground_Moss_D.uasset" 477
"../../../../../../Code/Unreal/ShootBox/Content/StarterContent/Materials/M_Ground_Moss.uasset" 478
"../../../../../../Code/Unreal/ShootBox/Content/StarterContent/Textures/T_Ground_Gravel_N.uasset" 479
"../../../../../../Code/Unreal/ShootBox/Content/StarterContent/Textures/T_Ground_Gravel_D.uasset" 480
"../../../../../../Code/Unreal/ShootBox/Content/StarterContent/Materials/M_Ground_Gravel.uasset" 481
"../../../../../../Code/Unreal/ShootBox/Content/StarterContent/Textures/T_Ground_Grass_N.uasset" 482
"../../../../../../Code/Unreal/ShootBox/Content/StarterContent/Textures/T_Ground_Grass_D.uasset" 483
"../../../../../../Code/Unreal/ShootBox/Content/StarterContent/Materials/M_Ground_Grass.uasset" 484
"../../../../../../Code/Unreal/ShootBox/Content/StarterContent/Textures/T_Concrete_Tiles_Variation_M.uasset" 485
"../../../../../../Code/Unreal/ShootBox/Content/StarterContent/Textures/T_Concrete_Tiles_D.uasset" 486
"../../../../../../Code/Unreal/ShootBox/Content/StarterContent/Materials/M_Concrete_Tiles.uasset" 487
"../../../../../../Code/Unreal/ShootBox/Content/StarterContent/Textures/T_Concrete_Panels_N.uasset" 488
"../../../../../../Code/Unreal/ShootBox/Content/StarterContent/Textures/T_Concrete_Panels_D.uasset" 489
"../../../../../../Code/Unreal/ShootBox/Content/StarterContent/Materials/M_Concrete_Panels.uasset" 490
"../../../../../../Code/Unreal/ShootBox/Content/StarterContent/Textures/T_Concrete_Grime_D.uasset" 491
"../../../../../../Code/Unreal/ShootBox/Content/StarterContent/Materials/M_Concrete_Grime.uasset" 492
"../../../../../../Code/Unreal/ShootBox/Content/StarterContent/Textures/T_CobbleStone_Smooth_N.uasset" 493
"../../../../../../Code/Unreal/ShootBox/Content/StarterContent/Textures/T_CobbleStone_Smooth_M.uasset" 494
"../../../../../../Code/Unreal/ShootBox/Content/StarterContent/Textures/T_CobbleStone_Smooth_D.uasset" 495
"../../../../../../Code/Unreal/ShootBox/Content/StarterContent/Textures/T_Rock_Smooth_Granite_D.uasset" 496
"../../../../../../Code/Unreal/ShootBox/Content/StarterContent/Textures/T_Gradinet_01.uasset" 497
"../../../../../../Code/Unreal/ShootBox/Content/StarterContent/Materials/M_CobbleStone_Smooth.uasset" 498
"../../../../../../Code/Unreal/ShootBox/Content/StarterContent/Textures/T_CobbleStone_Rough_N.uasset" 499
"../../../../../../Code/Unreal/ShootBox/Content/StarterContent/Textures/T_CobbleStone_Rough_D.uasset" 500
"../../../../../../Code/Unreal/ShootBox/Content/StarterContent/Materials/M_CobbleStone_Rough.uasset" 501
"../../../../../../Code/Unreal/ShootBox/Content/StarterContent/Textures/T_CobbleStone_Pebble_N.uasset" 502
"../../../../../../Code/Unreal/ShootBox/Content/StarterContent/Textures/T_CobbleStone_Pebble_M.uasset" 503
"../../../../../../Code/Unreal/ShootBox/Content/StarterContent/Textures/T_CobbleStone_Pebble_D.uasset" 504
"../../../../../../Code/Unreal/ShootBox/Content/StarterContent/Materials/M_CobbleStone_Pebble.uasset" 505
"../../../../../../Code/Unreal/ShootBox/Content/StarterContent/Textures/T_Ceramic_Tile_N.uasset" 506
"../../../../../../Code/Unreal/ShootBox/Content/StarterContent/Textures/T_Ceramic_Tile_M.uasset" 507
"../../../../../../Code/Unreal/ShootBox/Content/StarterContent/Materials/M_Ceramic_Tile_Checker.uasset" 508
"../../../../../../Code/Unreal/ShootBox/Content/StarterContent/Textures/T_Brick_Hewn_Stone_N.uasset" 509
"../../../../../../Code/Unreal/ShootBox/Content/StarterContent/Textures/T_Brick_Hewn_Stone_M.uasset" 510
"../../../../../../Code/Unreal/ShootBox/Content/StarterContent/Textures/T_Brick_Hewn_Stone_D.uasset" 511
"../../../../../../Code/Unreal/ShootBox/Content/StarterContent/Materials/M_Brick_Hewn_Stone.uasset" 512
"../../../../../../Code/Unreal/ShootBox/Content/StarterContent/Textures/T_Brick_Cut_Stone_N.uasset" 513
"../../../../../../Code/Unreal/ShootBox/Content/StarterContent/Textures/T_Brick_Cut_Stone_D.uasset" 514
"../../../../../../Code/Unreal/ShootBox/Content/StarterContent/Materials/M_Brick_Cut_Stone.uasset" 515
"../../../../../../Code/Unreal/ShootBox/Content/StarterContent/Textures/T_Brick_Clay_Old_N.uasset" 516
"../../../../../../Code/Unreal/ShootBox/Content/StarterContent/Textures/T_Brick_Clay_Old_D.uasset" 517
"../../../../../../Code/Unreal/ShootBox/Content/StarterContent/Materials/M_Brick_Clay_Old.uasset" 518
"../../../../../../Code/Unreal/ShootBox/Content/StarterContent/Textures/T_Brick_Clay_New_N.uasset" 519
"../../../../../../Code/Unreal/ShootBox/Content/StarterContent/Textures/T_Brick_Clay_New_M.uasset" 520
"../../../../../../Code/Unreal/ShootBox/Content/StarterContent/Textures/T_Brick_Clay_New_D.uasset" 521
"../../../../../../Code/Unreal/ShootBox/Content/StarterContent/Materials/M_Brick_Clay_New.uasset" 522
"../../../../../../Code/Unreal/ShootBox/Content/StarterContent/Textures/T_Brick_Clay_Beveled_N.uasset" 523
"../../../../../../Code/Unreal/ShootBox/Content/StarterContent/Textures/T_Brick_Clay_Beveled_M.uasset" 524
"../../../../../../Code/Unreal/ShootBox/Content/StarterContent/Textures/T_Brick_Clay_Beveled_D.uasset" 525
"../../../../../../Code/Unreal/ShootBox/Content/StarterContent/Materials/M_Brick_Clay_Beveled.uasset" 526
"../../../../../../Code/Unreal/ShootBox/Content/StarterContent/Maps/StarterMap_BuiltData.uasset" 527
"../../../../../../Code/Unreal/ShootBox/Content/StarterContent/Textures/T_Concrete_Poured_N.uasset" 528
"../../../../../../Code/Unreal/ShootBox/Content/StarterContent/Textures/T_Concrete_Poured_D.uasset" 529
"../../../../../../Code/Unreal/ShootBox/Content/StarterContent/Materials/M_Concrete_Poured.uasset" 530
"../../../../../../Code/Unreal/ShootBox/Content/StarterContent/Textures/T_Lamp_N.uasset" 531
"../../../../../../Code/Unreal/ShootBox/Content/StarterContent/Textures/T_Lamp_M.uasset" 532
"../../../../../../Code/Unreal/ShootBox/Content/StarterContent/Props/Materials/M_Lamp.uasset" 533
"../../../../../../Code/Unreal/ShootBox/Content/StarterContent/Props/SM_Lamp_Wall.uasset" 534
"../../../../../../Code/Unreal/ShootBox/Content/StarterContent/Blueprints/Blueprint_WallSconce.uasset" 535
"../../../../../../Code/Unreal/ShootBox/Content/StarterContent/Particles/P_Steam_Lit.uasset" 536
"../../../../../../Code/Unreal/ShootBox/Content/StarterContent/Audio/Steam01_Cue.uasset" 537
"../../../../../../Code/Unreal/ShootBox/Content/StarterContent/Blueprints/Blueprint_Effect_Steam.uasset" 538
"../../../../../../Code/Unreal/ShootBox/Content/StarterContent/Textures/T_Spark_Core.uasset" 539
"../../../../../../Code/Unreal/ShootBox/Content/StarterContent/Particles/Materials/M_Spark.uasset" 540
"../../../../../../Code/Unreal/ShootBox/Content/StarterContent/Particles/Materials/M_Radial_Gradient.uasset" 541
"../../../../../../Code/Unreal/ShootBox/Content/StarterContent/Particles/P_Sparks.uasset" 542
"../../../../../../Code/Unreal/ShootBox/Content/StarterContent/Audio/Fire_Sparks01_Cue.uasset" 543
"../../../../../../Code/Unreal/ShootBox/Content/StarterContent/Blueprints/Blueprint_Effect_Sparks.uasset" 544
"../../../../../../Code/Unreal/ShootBox/Content/StarterContent/Particles/P_Smoke.uasset" 545
"../../../../../../Code/Unreal/ShootBox/Content/StarterContent/Audio/Smoke01_Cue.uasset" 546
"../../../../../../Code/Unreal/ShootBox/Content/StarterContent/Blueprints/Blueprint_Effect_Smoke.uasset" 547
"../../../../../../Code/Unreal/ShootBox/Content/StarterContent/Particles/Materials/M_Heat_Distortion.uasset" 548
"../../../../../../Code/Unreal/ShootBox/Content/StarterContent/Textures/T_Fire_Tiled_D.uasset" 549
"../../../../../../Code/Unreal/ShootBox/Content/StarterContent/Textures/T_Fire_SubUV.uasset" 550
"../../../../../../Code/Unreal/ShootBox/Content/StarterContent/Particles/Materials/M_Fire_SubUV.uasset" 551
"../../../../../../Code/Unreal/ShootBox/Content/StarterContent/Particles/P_Fire.uasset" 552
"../../../../../../Code/Unreal/ShootBox/Content/StarterContent/Audio/Fire01_Cue.uasset" 553
"../../../../../../Code/Unreal/ShootBox/Content/StarterContent/Blueprints/Blueprint_Effect_Fire.uasset" 554
"../../../../../../Code/Unreal/ShootBox/Content/StarterContent/Props/SM_Lamp_Ceiling.uasset" 555
"../../../../../../Code/Unreal/ShootBox/Content/StarterContent/Blueprints/Blueprint_CeilingLight.uasset" 556
"../../../../../../Code/Unreal/ShootBox/Content/StarterContent/Audio/Collapse_Cue.uasset" 557
"../../../../../../Code/Unreal/ShootBox/Content/StarterContent/Architecture/Wall_Window_400x300.uasset" 558
"../../../../../../Code/Unreal/ShootBox/Content/StarterContent/Architecture/Wall_Door_400x300.uasset" 559
"../../../../../../Code/Unreal/ShootBox/Content/StarterContent/Architecture/Wall_400x200.uasset" 560
"../../../../../../Code/Unreal/ShootBox/Content/StarterContent/Maps/StarterMap.umap" 561
"../../../Engine/Content/Maps/Entry_BuiltData.uasset" 562
"../../../Engine/Content/Maps/Entry.umap" 563
